<?xml version="1.0" encoding="UTF-8"?>
<!-- Generated by org.testng.reporters.JUnitReportReporter -->
<testsuite hostname="DESKTOP-G2M5QUV" failures="0" tests="1" name="vtiger.Practice.ReadDataFromCmdLine" time="0.013" errors="0" timestamp="2022-09-24T10:41:32 IST" skipped="0">
  <testcase classname="vtiger.Practice.ReadDataFromCmdLine" name="readData" time="0.013"/>
  <system-out/>
</testsuite> <!-- vtiger.Practice.ReadDataFromCmdLine -->
